[2022-10-08 09:50:19.606] [exthost] [info] Extension host with pid 208 started
[2022-10-08 09:50:19.648] [exthost] [info] Lock '/home/tosse/.vscode-server/data/User/workspaceStorage/d39a16d69e0aac660e5fe689dd4f7794/vscode.lock': Lock acquired.
[2022-10-08 09:50:19.723] [exthost] [info] ExtensionService#_doActivateExtension vscode.debug-auto-launch, startup: true, activationEvent: '*'
[2022-10-08 09:50:19.726] [exthost] [info] ExtensionService#_doActivateExtension vscode.git-base, startup: true, activationEvent: '*'
[2022-10-08 09:50:19.728] [exthost] [info] ExtensionService#_doActivateExtension vscode.ipynb, startup: true, activationEvent: '*'
[2022-10-08 09:50:20.241] [exthost] [info] ExtensionService#_doActivateExtension vscode.github, startup: true, activationEvent: '*'
[2022-10-08 09:50:20.266] [exthost] [info] ExtensionService#_doActivateExtension vscode.emmet, startup: false, activationEvent: 'onStartupFinished'
[2022-10-08 09:50:20.267] [exthost] [info] ExtensionService#_doActivateExtension vscode.merge-conflict, startup: false, activationEvent: 'onStartupFinished'
[2022-10-08 09:50:20.268] [exthost] [info] Eager extensions activated
[2022-10-08 09:50:22.781] [exthost] [info] ExtensionService#_doActivateExtension vscode.git, startup: false, activationEvent: 'api', root cause: vscode.github
[2022-10-08 09:50:55.798] [exthost] [warning] [Decorations] CAPPING events from decorations provider vscode.git 1863
[2022-10-08 09:50:56.218] [exthost] [warning] [Decorations] CAPPING events from decorations provider vscode.git 1863
[2022-10-08 09:50:56.310] [exthost] [warning] [Decorations] CAPPING events from decorations provider vscode.git 1863
[2022-10-08 09:50:58.853] [exthost] [warning] [Decorations] CAPPING events from decorations provider vscode.git 1863
[2022-10-08 09:51:03.918] [exthost] [warning] [Decorations] CAPPING events from decorations provider vscode.git 1863
[2022-10-08 09:51:08.997] [exthost] [warning] [Decorations] CAPPING events from decorations provider vscode.git 1863
[2022-10-08 09:51:14.093] [exthost] [warning] [Decorations] CAPPING events from decorations provider vscode.git 1863
[2022-10-08 09:51:19.160] [exthost] [warning] [Decorations] CAPPING events from decorations provider vscode.git 1863
[2022-10-08 09:51:21.499] [exthost] [warning] [Decorations] CAPPING events from decorations provider vscode.git 1863
[2022-10-08 09:51:23.594] [exthost] [warning] [Decorations] CAPPING events from decorations provider vscode.git 1863
[2022-10-08 09:51:24.241] [exthost] [warning] [Decorations] CAPPING events from decorations provider vscode.git 1863
